-------------------------------------------------------------------------------
Test set: com.example.AttendanceAndClassroomManagement.AttendanceAndClassroomManagementApplicationTests
-------------------------------------------------------------------------------
Tests run: 1, Failures: 0, Errors: 1, Skipped: 0, Time elapsed: 0.338 s <<< FAILURE! - in com.example.AttendanceAndClassroomManagement.AttendanceAndClassroomManagementApplicationTests
com.example.AttendanceAndClassroomManagement.AttendanceAndClassroomManagementApplicationTests  Time elapsed: 0.336 s  <<< ERROR!
java.lang.IllegalStateException: Unable to find a @SpringBootConfiguration, you need to use @ContextConfiguration or @SpringBootTest(classes=...) with your test

